c:\users\kese zoltán\source\repos\hazi\project1\project1\x64\debug\vc143.pdb
c:\users\kese zoltán\source\repos\hazi\project1\project1\x64\debug\vc143.idb
c:\users\kese zoltán\source\repos\hazi\project1\project1\x64\debug\zene.obj
c:\users\kese zoltán\source\repos\hazi\project1\project1\x64\debug\musorlista.obj
c:\users\kese zoltán\source\repos\hazi\project1\project1\x64\debug\main.obj
c:\users\kese zoltán\source\repos\hazi\project1\project1\x64\debug\ido.obj
c:\users\kese zoltán\source\repos\hazi\project1\project1\x64\debug\eloado.obj
c:\users\kese zoltán\source\repos\hazi\project1\x64\debug\project1.exe
c:\users\kese zoltán\source\repos\hazi\project1\x64\debug\project1.pdb
c:\users\kese zoltán\source\repos\hazi\project1\project1\x64\debug\project1.ilk
c:\xampp\htdocs\inf2hazi\project1\project1\x64\debug\eloado.obj
c:\xampp\htdocs\inf2hazi\project1\project1\x64\debug\ido.obj
c:\xampp\htdocs\inf2hazi\project1\project1\x64\debug\main.obj
c:\xampp\htdocs\inf2hazi\project1\project1\x64\debug\musorlista.obj
c:\xampp\htdocs\inf2hazi\project1\project1\x64\debug\zene.obj
c:\xampp\htdocs\inf2hazi\project1\project1\x64\debug\project1.ilk
c:\xampp\htdocs\inf2hazi\project1\project1\x64\debug\vc143.idb
c:\xampp\htdocs\inf2hazi\project1\project1\x64\debug\vc143.pdb
c:\xampp\htdocs\inf2hazi\project1\x64\debug\project1.pdb
c:\xampp\htdocs\inf2hazi\project1\x64\debug\project1.exe
c:\xampp\htdocs\inf2hazi\project1\project1\x64\debug\project1.tlog\cl.command.1.tlog
c:\xampp\htdocs\inf2hazi\project1\project1\x64\debug\project1.tlog\cl.items.tlog
c:\xampp\htdocs\inf2hazi\project1\project1\x64\debug\project1.tlog\cl.read.1.tlog
c:\xampp\htdocs\inf2hazi\project1\project1\x64\debug\project1.tlog\cl.write.1.tlog
c:\xampp\htdocs\inf2hazi\project1\project1\x64\debug\project1.tlog\link.command.1.tlog
c:\xampp\htdocs\inf2hazi\project1\project1\x64\debug\project1.tlog\link.read.1.tlog
c:\xampp\htdocs\inf2hazi\project1\project1\x64\debug\project1.tlog\link.secondary.1.tlog
c:\xampp\htdocs\inf2hazi\project1\project1\x64\debug\project1.tlog\link.write.1.tlog
